<?xml version="1.0" encoding="UTF-8"?>
<!-- Generated by org.testng.reporters.JUnitReportReporter -->
<testsuite hostname="DESKTOP-SMG6TO7" failures="0" tests="8" name="dataTest.PrintData2" time="74.083" errors="0" timestamp="2023-08-22T15:40:52 IST" skipped="0">
  <testcase classname="dataTest.PrintData2" name="printData2" time="8.879"/>
  <system-out/>
  <testcase classname="dataTest.PrintData2" name="printData2" time="10.923"/>
  <system-out/>
  <testcase classname="dataTest.PrintData2" name="printData2" time="7.419"/>
  <system-out/>
  <testcase classname="dataTest.PrintData2" name="printData2" time="7.752"/>
  <system-out/>
  <testcase classname="dataTest.PrintData2" name="printData2" time="8.086"/>
  <system-out/>
  <testcase classname="dataTest.PrintData2" name="printData2" time="11.767"/>
  <system-out/>
  <testcase classname="dataTest.PrintData2" name="printData2" time="9.546"/>
  <system-out/>
  <testcase classname="dataTest.PrintData2" name="printData2" time="9.711"/>
  <system-out/>
</testsuite> <!-- dataTest.PrintData2 -->
