<?xml version="1.0" encoding="UTF-8"?>
<!-- Generated by org.testng.reporters.JUnitReportReporter -->
<testsuite hostname="DESKTOP-SMG6TO7" failures="0" tests="6" name="com.axisrooms.rateShopper.test.LoginTest" time="98.858" errors="0" timestamp="2023-09-09T18:10:22 IST" skipped="0">
  <testcase classname="com.axisrooms.rateShopper.test.LoginTest" name="loginTest" time="20.651"/>
  <system-out/>
  <testcase classname="com.axisrooms.rateShopper.test.LoginTest" name="loginTest" time="9.157"/>
  <system-out/>
  <testcase classname="com.axisrooms.rateShopper.test.LoginTest" name="loginTest" time="16.289"/>
  <system-out/>
  <testcase classname="com.axisrooms.rateShopper.test.LoginTest" name="loginTest" time="16.813"/>
  <system-out/>
  <testcase classname="com.axisrooms.rateShopper.test.LoginTest" name="loginTest" time="19.597"/>
  <system-out/>
  <testcase classname="com.axisrooms.rateShopper.test.LoginTest" name="loginTest" time="16.351"/>
  <system-out/>
</testsuite> <!-- com.axisrooms.rateShopper.test.LoginTest -->
