<?xml version="1.0" encoding="UTF-8"?>
<!-- Generated by org.testng.reporters.JUnitReportReporter -->
<testsuite hostname="DESKTOP-SMG6TO7" failures="0" tests="1" name="com.axisrooms.rateShopper.test.InsightsTest" time="9.833" errors="0" timestamp="2023-08-21T15:32:28 IST" skipped="0">
  <testcase classname="com.axisrooms.rateShopper.test.InsightsTest" name="insightsTest" time="9.833"/>
  <system-out/>
</testsuite> <!-- com.axisrooms.rateShopper.test.InsightsTest -->
