<?xml version="1.0" encoding="UTF-8"?>
<!-- Generated by org.testng.reporters.JUnitReportReporter -->
<testsuite hostname="LAPTOP-34JQ347O" failures="0" tests="1" name="com.axisrooms.rateShopper.test.LoginTest" time="70.389" errors="0" timestamp="2024-02-05T14:25:37 IST" skipped="0">
  <testcase classname="com.axisrooms.rateShopper.test.LoginTest" name="loginTest" time="70.389"/>
  <system-out/>
</testsuite> <!-- com.axisrooms.rateShopper.test.LoginTest -->
