<?xml version="1.0" encoding="UTF-8"?>
<!-- Generated by org.testng.reporters.JUnitReportReporter -->
<testsuite hostname="DESKTOP-SMG6TO7" failures="0" tests="8" name="dataTest.PrintData" time="0.024" errors="0" timestamp="2023-08-22T15:38:22 IST" skipped="0">
  <testcase classname="dataTest.PrintData" name="printData" time="0.002"/>
  <system-out/>
  <testcase classname="dataTest.PrintData" name="printData" time="0.003"/>
  <system-out/>
  <testcase classname="dataTest.PrintData" name="printData" time="0.008"/>
  <system-out/>
  <testcase classname="dataTest.PrintData" name="printData" time="0.001"/>
  <system-out/>
  <testcase classname="dataTest.PrintData" name="printData" time="0.003"/>
  <system-out/>
  <testcase classname="dataTest.PrintData" name="printData" time="0.003"/>
  <system-out/>
  <testcase classname="dataTest.PrintData" name="printData" time="0.002"/>
  <system-out/>
  <testcase classname="dataTest.PrintData" name="printData" time="0.002"/>
  <system-out/>
</testsuite> <!-- dataTest.PrintData -->
