<?xml version="1.0" encoding="UTF-8"?>
<!-- Generated by org.testng.reporters.JUnitReportReporter -->
<testsuite hostname="DESKTOP-SMG6TO7" failures="0" tests="1" name="demoTest.Hnadel_2" time="445.080" errors="0" timestamp="2023-09-15T22:33:08 IST" skipped="0">
  <testcase classname="demoTest.Hnadel_2" name="clickTest" time="445.080"/>
  <system-out/>
</testsuite> <!-- demoTest.Hnadel_2 -->
