<?xml version="1.0" encoding="UTF-8"?>
<!-- Generated by org.testng.reporters.JUnitReportReporter -->
<testsuite hostname="LAPTOP-34JQ347O" failures="0" tests="1" name="com.axisrooms.rateShopper.test.RefreshTestForRates" time="1959.984" errors="0" timestamp="2024-02-16T21:36:09 IST" skipped="0">
  <testcase classname="com.axisrooms.rateShopper.test.RefreshTestForRates" name="refreshTest" time="1959.984"/>
  <system-out/>
</testsuite> <!-- com.axisrooms.rateShopper.test.RefreshTestForRates -->
