<?xml version="1.0" encoding="UTF-8"?>
<!-- Generated by org.testng.reporters.JUnitReportReporter -->
<testsuite hostname="DESKTOP-SMG6TO7" failures="0" tests="1" name="com.axisrooms.rateShopper.test.LoginAndLogoutTest" time="15.843" errors="0" timestamp="2023-08-23T15:20:53 IST" skipped="0">
  <testcase classname="com.axisrooms.rateShopper.test.LoginAndLogoutTest" name="loginTest" time="15.843"/>
  <system-out/>
</testsuite> <!-- com.axisrooms.rateShopper.test.LoginAndLogoutTest -->
