<?xml version="1.0" encoding="UTF-8"?>
<!-- Generated by org.testng.reporters.JUnitReportReporter -->
<testsuite hostname="DESKTOP-SMG6TO7" failures="0" tests="1" name="demoTest.StaleElementException" time="509.015" errors="0" timestamp="2023-09-15T23:17:57 IST" skipped="0">
  <testcase classname="demoTest.StaleElementException" name="clickTest" time="509.015"/>
  <system-out/>
</testsuite> <!-- demoTest.StaleElementException -->
