<?xml version="1.0" encoding="UTF-8"?>
<!-- Generated by org.testng.reporters.JUnitReportReporter -->
<testsuite hostname="LAPTOP-34JQ347O" failures="0" tests="2" name="com.axisrooms.rateShopper.test.ReportTest" time="42.834" errors="0" timestamp="2024-02-05T14:25:37 IST" skipped="0">
  <testcase classname="com.axisrooms.rateShopper.test.ReportTest" name="reportTest" time="21.550"/>
  <system-out/>
  <testcase classname="com.axisrooms.rateShopper.test.ReportTest" name="reportTest" time="21.284"/>
  <system-out/>
</testsuite> <!-- com.axisrooms.rateShopper.test.ReportTest -->
