<?xml version="1.0" encoding="UTF-8"?>
<!-- Generated by org.testng.reporters.JUnitReportReporter -->
<testsuite hostname="DESKTOP-SMG6TO7" failures="0" tests="1" name="demoTest.ClickActionTest" time="687.483" errors="0" timestamp="2023-09-15T20:10:08 IST" skipped="0">
  <testcase classname="demoTest.ClickActionTest" name="clickTest" time="687.483"/>
  <system-out/>
</testsuite> <!-- demoTest.ClickActionTest -->
